{"level":"info","message":"Hello from acquisitions API","service":"acquisitions-api"}
{"level":"info","message":"::1 - - [27/Oct/2025:12:52:21 +0000] \"GET / HTTP/1.1\" 304 - \"-\" \"Mozilla/5.0 (Windows NT 10.0; Win64; x64) AppleWebKit/537.36 (KHTML, like Gecko) Chrome/141.0.0.0 Safari/537.36\"","service":"acquisitions-api"}
{"level":"info","message":"Hello from acquisitions API","service":"acquisitions-api"}
{"level":"info","message":"::1 - - [27/Oct/2025:13:00:19 +0000] \"GET / HTTP/1.1\" 304 - \"-\" \"Mozilla/5.0 (Windows NT 10.0; Win64; x64) AppleWebKit/537.36 (KHTML, like Gecko) Chrome/141.0.0.0 Safari/537.36\"","service":"acquisitions-api"}
{"level":"info","message":"::1 - - [27/Oct/2025:13:00:24 +0000] \"GET /health HTTP/1.1\" 200 73 \"-\" \"Mozilla/5.0 (Windows NT 10.0; Win64; x64) AppleWebKit/537.36 (KHTML, like Gecko) Chrome/141.0.0.0 Safari/537.36\"","service":"acquisitions-api"}
{"level":"info","message":"::1 - - [27/Oct/2025:13:00:27 +0000] \"GET /api HTTP/1.1\" 200 42 \"-\" \"Mozilla/5.0 (Windows NT 10.0; Win64; x64) AppleWebKit/537.36 (KHTML, like Gecko) Chrome/141.0.0.0 Safari/537.36\"","service":"acquisitions-api"}
{"level":"info","message":"::1 - - [27/Oct/2025:13:00:35 +0000] \"GET /api/auth/sign-in HTTP/1.1\" 404 155 \"-\" \"Mozilla/5.0 (Windows NT 10.0; Win64; x64) AppleWebKit/537.36 (KHTML, like Gecko) Chrome/141.0.0.0 Safari/537.36\"","service":"acquisitions-api"}
{"level":"info","message":"Hello from acquisitions API","service":"acquisitions-api"}
{"level":"info","message":"::ffff:127.0.0.1 - - [27/Oct/2025:13:04:33 +0000] \"GET / HTTP/1.1\" 200 25 \"-\" \"Thunder Client (https://www.thunderclient.com)\"","service":"acquisitions-api"}
{"level":"info","message":"Hello from acquisitions API","service":"acquisitions-api"}
{"level":"info","message":"::1 - - [27/Oct/2025:13:05:11 +0000] \"GET / HTTP/1.1\" 200 25 \"-\" \"HTTPie\"","service":"acquisitions-api"}
{"level":"info","message":"::1 - - [27/Oct/2025:13:05:34 +0000] \"GET /api HTTP/1.1\" 200 42 \"-\" \"HTTPie\"","service":"acquisitions-api"}
{"level":"info","message":"::1 - - [27/Oct/2025:13:05:45 +0000] \"GET /health HTTP/1.1\" 200 75 \"-\" \"HTTPie\"","service":"acquisitions-api"}
{"level":"info","message":"::1 - - [27/Oct/2025:13:05:50 +0000] \"GET /health HTTP/1.1\" 200 75 \"-\" \"HTTPie\"","service":"acquisitions-api"}
{"level":"info","message":"::1 - - [27/Oct/2025:13:05:50 +0000] \"GET /health HTTP/1.1\" 200 75 \"-\" \"HTTPie\"","service":"acquisitions-api"}
{"level":"info","message":"::1 - - [27/Oct/2025:13:05:51 +0000] \"GET /health HTTP/1.1\" 200 75 \"-\" \"HTTPie\"","service":"acquisitions-api"}
{"level":"info","message":"::1 - - [27/Oct/2025:13:05:51 +0000] \"GET /health HTTP/1.1\" 200 75 \"-\" \"HTTPie\"","service":"acquisitions-api"}
{"level":"info","message":"::1 - - [27/Oct/2025:13:05:51 +0000] \"GET /health HTTP/1.1\" 200 75 \"-\" \"HTTPie\"","service":"acquisitions-api"}
{"level":"info","message":"::1 - - [27/Oct/2025:13:05:51 +0000] \"GET /health HTTP/1.1\" 200 75 \"-\" \"HTTPie\"","service":"acquisitions-api"}
{"level":"info","message":"::1 - - [27/Oct/2025:13:05:51 +0000] \"GET /health HTTP/1.1\" 200 75 \"-\" \"HTTPie\"","service":"acquisitions-api"}
{"level":"info","message":"::1 - - [27/Oct/2025:13:05:51 +0000] \"GET /health HTTP/1.1\" 200 75 \"-\" \"HTTPie\"","service":"acquisitions-api"}
{"level":"info","message":"::1 - - [27/Oct/2025:13:05:51 +0000] \"GET /health HTTP/1.1\" 200 74 \"-\" \"HTTPie\"","service":"acquisitions-api"}
{"level":"info","message":"::1 - - [27/Oct/2025:13:05:52 +0000] \"GET /health HTTP/1.1\" 200 75 \"-\" \"HTTPie\"","service":"acquisitions-api"}
{"level":"info","message":"::1 - - [27/Oct/2025:13:05:52 +0000] \"GET /health HTTP/1.1\" 200 75 \"-\" \"HTTPie\"","service":"acquisitions-api"}
{"level":"info","message":"::1 - - [27/Oct/2025:13:05:52 +0000] \"GET /health HTTP/1.1\" 200 74 \"-\" \"HTTPie\"","service":"acquisitions-api"}
{"level":"info","message":"::1 - - [27/Oct/2025:13:05:52 +0000] \"GET /health HTTP/1.1\" 200 74 \"-\" \"HTTPie\"","service":"acquisitions-api"}
{"level":"info","message":"::1 - - [27/Oct/2025:13:05:52 +0000] \"GET /health HTTP/1.1\" 200 75 \"-\" \"HTTPie\"","service":"acquisitions-api"}
{"level":"info","message":"::1 - - [27/Oct/2025:13:05:52 +0000] \"GET /health HTTP/1.1\" 200 75 \"-\" \"HTTPie\"","service":"acquisitions-api"}
{"level":"info","message":"::1 - - [27/Oct/2025:13:05:52 +0000] \"GET /health HTTP/1.1\" 200 75 \"-\" \"HTTPie\"","service":"acquisitions-api"}
{"level":"info","message":"::1 - - [27/Oct/2025:13:05:53 +0000] \"GET /health HTTP/1.1\" 200 75 \"-\" \"HTTPie\"","service":"acquisitions-api"}
{"level":"info","message":"::1 - - [27/Oct/2025:13:05:53 +0000] \"GET /health HTTP/1.1\" 200 75 \"-\" \"HTTPie\"","service":"acquisitions-api"}
{"level":"info","message":"::1 - - [27/Oct/2025:13:06:00 +0000] \"GET /api/auth/sign-in HTTP/1.1\" 404 155 \"-\" \"HTTPie\"","service":"acquisitions-api"}
{"level":"info","message":"::1 - - [27/Oct/2025:13:06:07 +0000] \"POST /api/auth/sign-in HTTP/1.1\" 200 31 \"-\" \"HTTPie\"","service":"acquisitions-api"}
{"level":"error","message":"Error in signup controller: signupSchema.validate is not a function","service":"acquisitions-api","stack":"TypeError: signupSchema.validate is not a function\n    at signup (file:///C:/Users/Krish/Documents/GitHub/acquisitions/src/controllers/auth.controller.js:7:43)\n    at Layer.handleRequest (C:\\Users\\Krish\\Documents\\GitHub\\acquisitions\\node_modules\\router\\lib\\layer.js:152:17)\n    at next (C:\\Users\\Krish\\Documents\\GitHub\\acquisitions\\node_modules\\router\\lib\\route.js:157:13)\n    at Route.dispatch (C:\\Users\\Krish\\Documents\\GitHub\\acquisitions\\node_modules\\router\\lib\\route.js:117:3)\n    at handle (C:\\Users\\Krish\\Documents\\GitHub\\acquisitions\\node_modules\\router\\index.js:435:11)\n    at Layer.handleRequest (C:\\Users\\Krish\\Documents\\GitHub\\acquisitions\\node_modules\\router\\lib\\layer.js:152:17)\n    at C:\\Users\\Krish\\Documents\\GitHub\\acquisitions\\node_modules\\router\\index.js:295:15\n    at processParams (C:\\Users\\Krish\\Documents\\GitHub\\acquisitions\\node_modules\\router\\index.js:582:12)\n    at next (C:\\Users\\Krish\\Documents\\GitHub\\acquisitions\\node_modules\\router\\index.js:291:5)\n    at Function.handle (C:\\Users\\Krish\\Documents\\GitHub\\acquisitions\\node_modules\\router\\index.js:186:3)"}
{"level":"info","message":"::1 - - [27/Oct/2025:13:27:35 +0000] \"POST /api/auth/sign-up HTTP/1.1\" 500 1339 \"-\" \"HTTPie\"","service":"acquisitions-api"}
{"level":"error","message":"Error in signup controller: signupSchema.validate is not a function","service":"acquisitions-api","stack":"TypeError: signupSchema.validate is not a function\n    at signup (file:///C:/Users/Krish/Documents/GitHub/acquisitions/src/controllers/auth.controller.js:7:43)\n    at Layer.handleRequest (C:\\Users\\Krish\\Documents\\GitHub\\acquisitions\\node_modules\\router\\lib\\layer.js:152:17)\n    at next (C:\\Users\\Krish\\Documents\\GitHub\\acquisitions\\node_modules\\router\\lib\\route.js:157:13)\n    at Route.dispatch (C:\\Users\\Krish\\Documents\\GitHub\\acquisitions\\node_modules\\router\\lib\\route.js:117:3)\n    at handle (C:\\Users\\Krish\\Documents\\GitHub\\acquisitions\\node_modules\\router\\index.js:435:11)\n    at Layer.handleRequest (C:\\Users\\Krish\\Documents\\GitHub\\acquisitions\\node_modules\\router\\lib\\layer.js:152:17)\n    at C:\\Users\\Krish\\Documents\\GitHub\\acquisitions\\node_modules\\router\\index.js:295:15\n    at processParams (C:\\Users\\Krish\\Documents\\GitHub\\acquisitions\\node_modules\\router\\index.js:582:12)\n    at next (C:\\Users\\Krish\\Documents\\GitHub\\acquisitions\\node_modules\\router\\index.js:291:5)\n    at Function.handle (C:\\Users\\Krish\\Documents\\GitHub\\acquisitions\\node_modules\\router\\index.js:186:3)"}
{"level":"info","message":"::1 - - [27/Oct/2025:13:28:04 +0000] \"POST /api/auth/sign-up HTTP/1.1\" 500 1339 \"-\" \"HTTPie\"","service":"acquisitions-api"}
{"level":"info","message":"::1 - - [27/Oct/2025:13:28:45 +0000] \"POST /api/auth/sign-up HTTP/1.1\" 400 94 \"-\" \"HTTPie\"","service":"acquisitions-api"}
{"level":"info","message":"::1 - - [27/Oct/2025:13:30:00 +0000] \"POST /api/auth/sign-up HTTP/1.1\" 400 146 \"-\" \"HTTPie\"","service":"acquisitions-api"}
{"level":"info","message":"User signed up succesfully with name: Cool Person, email: coolperson@gmail.com, role: user","service":"acquisitions-api"}
{"level":"info","message":"::1 - - [27/Oct/2025:13:30:20 +0000] \"POST /api/auth/sign-up HTTP/1.1\" 201 123 \"-\" \"HTTPie\"","service":"acquisitions-api"}
{"level":"info","message":"New user created with email: admin@gmail.com","service":"acquisitions-api"}
{"level":"error","message":"Error in signup controller: Cannot read properties of undefined (reading 'id')","service":"acquisitions-api","stack":"TypeError: Cannot read properties of undefined (reading 'id')\n    at signup (file:///C:/Users/Krish/Documents/GitHub/acquisitions/src/controllers/auth.controller.js:20:44)\n    at process.processTicksAndRejections (node:internal/process/task_queues:105:5)"}
{"level":"info","message":"::1 - - [27/Oct/2025:13:41:43 +0000] \"POST /api/auth/sign-up HTTP/1.1\" 500 415 \"-\" \"HTTPie\"","service":"acquisitions-api"}
{"cause":{"code":"23505","constraint":"users_email_unique","detail":"Key (email)=(admin@gmail.com) already exists.","file":"nbtinsert.c","line":"667","name":"NeonDbError","routine":"_bt_check_unique","schema":"public","severity":"ERROR","table":"users"},"level":"error","message":"Error creating user: Failed query: insert into \"users\" (\"id\", \"name\", \"email\", \"password\", \"role\", \"created_at\", \"updated_at\") values (default, $1, $2, $3, $4, default, default) returning \"id\", \"name\", \"email\", \"role\", \"created_at\"\nparams: Admin,admin@gmail.com,$2b$10$JzeVS6wDuA59PHGT9KQ/XeRBmWAocY1SQ4f5Le9o0HFsfo0NPqJyy,admin","params":["Admin","admin@gmail.com","$2b$10$JzeVS6wDuA59PHGT9KQ/XeRBmWAocY1SQ4f5Le9o0HFsfo0NPqJyy","admin"],"query":"insert into \"users\" (\"id\", \"name\", \"email\", \"password\", \"role\", \"created_at\", \"updated_at\") values (default, $1, $2, $3, $4, default, default) returning \"id\", \"name\", \"email\", \"role\", \"created_at\"","service":"acquisitions-api","stack":"Error: Failed query: insert into \"users\" (\"id\", \"name\", \"email\", \"password\", \"role\", \"created_at\", \"updated_at\") values (default, $1, $2, $3, $4, default, default) returning \"id\", \"name\", \"email\", \"role\", \"created_at\"\nparams: Admin,admin@gmail.com,$2b$10$JzeVS6wDuA59PHGT9KQ/XeRBmWAocY1SQ4f5Le9o0HFsfo0NPqJyy,admin\n    at NeonHttpPreparedQuery.queryWithCache (file:///C:/Users/Krish/Documents/GitHub/acquisitions/node_modules/drizzle-orm/pg-core/session.js:41:15)\n    at process.processTicksAndRejections (node:internal/process/task_queues:105:5)\n    at async NeonHttpPreparedQuery.execute (file:///C:/Users/Krish/Documents/GitHub/acquisitions/node_modules/drizzle-orm/neon-http/session.js:45:20)\n    at async createUser (file:///C:/Users/Krish/Documents/GitHub/acquisitions/src/services/auth.service.js:26:23)\n    at async signup (file:///C:/Users/Krish/Documents/GitHub/acquisitions/src/controllers/auth.controller.js:18:18)"}
{"level":"error","message":"Error in signup controller: Error creating user","service":"acquisitions-api","stack":"Error: Error creating user\n    at createUser (file:///C:/Users/Krish/Documents/GitHub/acquisitions/src/services/auth.service.js:38:11)\n    at process.processTicksAndRejections (node:internal/process/task_queues:105:5)\n    at async signup (file:///C:/Users/Krish/Documents/GitHub/acquisitions/src/controllers/auth.controller.js:18:18)"}
{"level":"info","message":"::1 - - [27/Oct/2025:13:42:21 +0000] \"POST /api/auth/sign-up HTTP/1.1\" 500 499 \"-\" \"HTTPie\"","service":"acquisitions-api"}
{"level":"info","message":"New user created with email: admin@gmail.com","service":"acquisitions-api"}
{"level":"info","message":"User signed up succesfully with name: Admin, email: admin@gmail.com, role: admin","service":"acquisitions-api"}
{"level":"info","message":"::1 - - [27/Oct/2025:13:45:09 +0000] \"POST /api/auth/sign-up HTTP/1.1\" 201 113 \"-\" \"HTTPie\"","service":"acquisitions-api"}
{"level":"error","message":"Error creating user: User with this email already  exists","service":"acquisitions-api","stack":"Error: User with this email already  exists\n    at createUser (file:///C:/Users/Krish/Documents/GitHub/acquisitions/src/services/auth.service.js:21:13)\n    at process.processTicksAndRejections (node:internal/process/task_queues:105:5)\n    at async signup (file:///C:/Users/Krish/Documents/GitHub/acquisitions/src/controllers/auth.controller.js:18:18)"}
{"level":"error","message":"Error in signup controller: Error creating user","service":"acquisitions-api","stack":"Error: Error creating user\n    at createUser (file:///C:/Users/Krish/Documents/GitHub/acquisitions/src/services/auth.service.js:38:11)\n    at process.processTicksAndRejections (node:internal/process/task_queues:105:5)\n    at async signup (file:///C:/Users/Krish/Documents/GitHub/acquisitions/src/controllers/auth.controller.js:18:18)"}
{"level":"info","message":"::1 - - [28/Oct/2025:13:03:49 +0000] \"POST /api/auth/sign-up HTTP/1.1\" 500 499 \"-\" \"HTTPie\"","service":"acquisitions-api"}
{"level":"error","message":"Error creating user: User with this email already  exists","service":"acquisitions-api","stack":"Error: User with this email already  exists\n    at createUser (file:///C:/Users/Krish/Documents/GitHub/acquisitions/src/services/auth.service.js:21:13)\n    at process.processTicksAndRejections (node:internal/process/task_queues:105:5)\n    at async signup (file:///C:/Users/Krish/Documents/GitHub/acquisitions/src/controllers/auth.controller.js:18:18)"}
{"level":"error","message":"Error in signup controller: User with this email already  exists","service":"acquisitions-api","stack":"Error: User with this email already  exists\n    at createUser (file:///C:/Users/Krish/Documents/GitHub/acquisitions/src/services/auth.service.js:21:13)\n    at process.processTicksAndRejections (node:internal/process/task_queues:105:5)\n    at async signup (file:///C:/Users/Krish/Documents/GitHub/acquisitions/src/controllers/auth.controller.js:18:18)"}
{"level":"info","message":"::1 - - [28/Oct/2025:13:05:18 +0000] \"POST /api/auth/sign-up HTTP/1.1\" 409 33 \"-\" \"HTTPie\"","service":"acquisitions-api"}
